Determining if the pthread_create exist failed with the following output:
Change Dir: /home/ucar/ucar_ws/build/CMakeFiles/CMakeTmp

Run Build Command:"/usr/bin/make" "cmTC_36402/fast"
/usr/bin/make -f CMakeFiles/cmTC_36402.dir/build.make CMakeFiles/cmTC_36402.dir/build
make[1]: Entering directory '/home/ucar/ucar_ws/build/CMakeFiles/CMakeTmp'
Building C object CMakeFiles/cmTC_36402.dir/CheckSymbolExists.c.o
/usr/bin/cc    -o CMakeFiles/cmTC_36402.dir/CheckSymbolExists.c.o   -c /home/ucar/ucar_ws/build/CMakeFiles/CMakeTmp/CheckSymbolExists.c
Linking C executable cmTC_36402
/usr/bin/cmake -E cmake_link_script CMakeFiles/cmTC_36402.dir/link.txt --verbose=1
/usr/bin/cc      -rdynamic CMakeFiles/cmTC_36402.dir/CheckSymbolExists.c.o  -o cmTC_36402 
CMakeFiles/cmTC_36402.dir/CheckSymbolExists.c.o: In function `main':
CheckSymbolExists.c:(.text+0x14): undefined reference to `pthread_create'
CheckSymbolExists.c:(.text+0x18): undefined reference to `pthread_create'
collect2: error: ld returned 1 exit status
CMakeFiles/cmTC_36402.dir/build.make:97: recipe for target 'cmTC_36402' failed
make[1]: *** [cmTC_36402] Error 1
make[1]: Leaving directory '/home/ucar/ucar_ws/build/CMakeFiles/CMakeTmp'
Makefile:126: recipe for target 'cmTC_36402/fast' failed
make: *** [cmTC_36402/fast] Error 2

File /home/ucar/ucar_ws/build/CMakeFiles/CMakeTmp/CheckSymbolExists.c:
/* */
#include <pthread.h>

int main(int argc, char** argv)
{
  (void)argv;
#ifndef pthread_create
  return ((int*)(&pthread_create))[argc];
#else
  (void)argc;
  return 0;
#endif
}

Determining if the function pthread_create exists in the pthreads failed with the following output:
Change Dir: /home/ucar/ucar_ws/build/CMakeFiles/CMakeTmp

Run Build Command:"/usr/bin/make" "cmTC_2e7cd/fast"
/usr/bin/make -f CMakeFiles/cmTC_2e7cd.dir/build.make CMakeFiles/cmTC_2e7cd.dir/build
make[1]: Entering directory '/home/ucar/ucar_ws/build/CMakeFiles/CMakeTmp'
Building C object CMakeFiles/cmTC_2e7cd.dir/CheckFunctionExists.c.o
/usr/bin/cc   -DCHECK_FUNCTION_EXISTS=pthread_create   -o CMakeFiles/cmTC_2e7cd.dir/CheckFunctionExists.c.o   -c /usr/share/cmake-3.10/Modules/CheckFunctionExists.c
Linking C executable cmTC_2e7cd
/usr/bin/cmake -E cmake_link_script CMakeFiles/cmTC_2e7cd.dir/link.txt --verbose=1
/usr/bin/cc  -DCHECK_FUNCTION_EXISTS=pthread_create    -rdynamic CMakeFiles/cmTC_2e7cd.dir/CheckFunctionExists.c.o  -o cmTC_2e7cd -lpthreads 
/usr/bin/ld: cannot find -lpthreads
collect2: error: ld returned 1 exit status
CMakeFiles/cmTC_2e7cd.dir/build.make:97: recipe for target 'cmTC_2e7cd' failed
make[1]: *** [cmTC_2e7cd] Error 1
make[1]: Leaving directory '/home/ucar/ucar_ws/build/CMakeFiles/CMakeTmp'
Makefile:126: recipe for target 'cmTC_2e7cd/fast' failed
make: *** [cmTC_2e7cd/fast] Error 2


Determining if the include file pgm.h exists failed with the following output:
Change Dir: /home/ucar/ucar_ws/build/CMakeFiles/CMakeTmp

Run Build Command:"/usr/bin/make" "cmTC_40ff3/fast"
/usr/bin/make -f CMakeFiles/cmTC_40ff3.dir/build.make CMakeFiles/cmTC_40ff3.dir/build
make[1]: Entering directory '/home/ucar/ucar_ws/build/CMakeFiles/CMakeTmp'
Building CXX object CMakeFiles/cmTC_40ff3.dir/CheckIncludeFile.cxx.o
/usr/bin/c++     -o CMakeFiles/cmTC_40ff3.dir/CheckIncludeFile.cxx.o -c /home/ucar/ucar_ws/build/CMakeFiles/CMakeTmp/CheckIncludeFile.cxx
/home/ucar/ucar_ws/build/CMakeFiles/CMakeTmp/CheckIncludeFile.cxx:1:10: fatal error: pgm.h: No such file or directory
 #include <pgm.h>
          ^~~~~~~
compilation terminated.
CMakeFiles/cmTC_40ff3.dir/build.make:65: recipe for target 'CMakeFiles/cmTC_40ff3.dir/CheckIncludeFile.cxx.o' failed
make[1]: *** [CMakeFiles/cmTC_40ff3.dir/CheckIncludeFile.cxx.o] Error 1
make[1]: Leaving directory '/home/ucar/ucar_ws/build/CMakeFiles/CMakeTmp'
Makefile:126: recipe for target 'cmTC_40ff3/fast' failed
make: *** [cmTC_40ff3/fast] Error 2


