Determining if the pthread_create exist failed with the following output:
Change Dir: /home/ucar/ucar_ws/src/build/CMakeFiles/CMakeTmp

Run Build Command:"/usr/bin/ninja" "cmTC_f2b2c"
[1/2] Building C object CMakeFiles/cmTC_f2b2c.dir/CheckSymbolExists.c.o
[2/2] Linking C executable cmTC_f2b2c
FAILED: cmTC_f2b2c 
: && /usr/bin/gcc-7   -rdynamic CMakeFiles/cmTC_f2b2c.dir/CheckSymbolExists.c.o  -o cmTC_f2b2c   && :
CMakeFiles/cmTC_f2b2c.dir/CheckSymbolExists.c.o: In function `main':
CheckSymbolExists.c:(.text+0x14): undefined reference to `pthread_create'
CheckSymbolExists.c:(.text+0x18): undefined reference to `pthread_create'
collect2: error: ld returned 1 exit status
ninja: build stopped: subcommand failed.

File /home/ucar/ucar_ws/src/build/CMakeFiles/CMakeTmp/CheckSymbolExists.c:
/* */
#include <pthread.h>

int main(int argc, char** argv)
{
  (void)argv;
#ifndef pthread_create
  return ((int*)(&pthread_create))[argc];
#else
  (void)argc;
  return 0;
#endif
}

Determining if the function pthread_create exists in the pthreads failed with the following output:
Change Dir: /home/ucar/ucar_ws/src/build/CMakeFiles/CMakeTmp

Run Build Command:"/usr/bin/ninja" "cmTC_c7ffb"
[1/2] Building C object CMakeFiles/cmTC_c7ffb.dir/CheckFunctionExists.c.o
[2/2] Linking C executable cmTC_c7ffb
FAILED: cmTC_c7ffb 
: && /usr/bin/gcc-7 -DCHECK_FUNCTION_EXISTS=pthread_create  -rdynamic CMakeFiles/cmTC_c7ffb.dir/CheckFunctionExists.c.o  -o cmTC_c7ffb  -lpthreads && :
/usr/bin/ld: cannot find -lpthreads
collect2: error: ld returned 1 exit status
ninja: build stopped: subcommand failed.


Determining if the include file pgm.h exists failed with the following output:
Change Dir: /home/ucar/ucar_ws/src/build/CMakeFiles/CMakeTmp

Run Build Command:"/usr/bin/ninja" "cmTC_50b51"
[1/2] Building CXX object CMakeFiles/cmTC_50b51.dir/CheckIncludeFile.cxx.o
FAILED: CMakeFiles/cmTC_50b51.dir/CheckIncludeFile.cxx.o 
/usr/bin/g++-7     -o CMakeFiles/cmTC_50b51.dir/CheckIncludeFile.cxx.o -c CheckIncludeFile.cxx
CheckIncludeFile.cxx:1:10: fatal error: pgm.h: No such file or directory
 #include <pgm.h>
          ^~~~~~~
compilation terminated.
ninja: build stopped: subcommand failed.


